<?xml version="1.0" encoding="UTF-8"?>
<testng-results ignored="20" total="25" passed="5" failed="0" skipped="0">
  <reporter-output>
  </reporter-output>
  <suite started-at="2024-07-30T13:36:24 IST" name="Suite" finished-at="2024-07-30T13:39:15 IST" duration-ms="170988">
    <groups>
      <group name="regression">
        <method signature="ORG_01.ORG01()[pri:0, instance:tc_repository.ORG_01@2e3967ea]" name="ORG01" class="tc_repository.ORG_01"/>
      </group> <!-- regression -->
      <group name="smoke">
        <method signature="LE_01.le01Tc()[pri:0, instance:tc_repository.LE_01@537f60bf]" name="le01Tc" class="tc_repository.LE_01"/>
        <method signature="LE_04.le04Tc()[pri:0, instance:tc_repository.LE_04@2794eab6]" name="le04Tc" class="tc_repository.LE_04"/>
        <method signature="ORG_01.ORG01()[pri:0, instance:tc_repository.ORG_01@2e3967ea]" name="ORG01" class="tc_repository.ORG_01"/>
        <method signature="ORG_02.ORG02()[pri:0, instance:tc_repository.ORG_02@3012646b]" name="ORG02" class="tc_repository.ORG_02"/>
        <method signature="ORG_03.ORG03()[pri:0, instance:tc_repository.ORG_03@4a883b15]" name="ORG03" class="tc_repository.ORG_03"/>
      </group> <!-- smoke -->
      <group name="sanity">
        <method signature="LE_04.le04Tc()[pri:0, instance:tc_repository.LE_04@2794eab6]" name="le04Tc" class="tc_repository.LE_04"/>
        <method signature="ORG_02.ORG02()[pri:0, instance:tc_repository.ORG_02@3012646b]" name="ORG02" class="tc_repository.ORG_02"/>
      </group> <!-- sanity -->
    </groups>
    <test started-at="2024-07-30T13:36:24 IST" name="Test" finished-at="2024-07-30T13:39:15 IST" duration-ms="170988">
      <class name="tc_repository.ORG_03">
        <test-method is-config="true" signature="LaunchBrowser()[pri:0, instance:tc_repository.ORG_03@4a883b15]" started-at="2024-07-30T13:37:47 IST" name="LaunchBrowser" finished-at="2024-07-30T13:37:50 IST" duration-ms="3079" status="PASS">
          <reporter-output>
          </reporter-output>
        </test-method> <!-- LaunchBrowser -->
        <test-method is-config="true" signature="LoginOperation()[pri:0, instance:tc_repository.ORG_03@4a883b15]" started-at="2024-07-30T13:37:50 IST" name="LoginOperation" finished-at="2024-07-30T13:37:53 IST" duration-ms="3460" status="PASS">
          <reporter-output>
          </reporter-output>
        </test-method> <!-- LoginOperation -->
        <test-method signature="ORG03()[pri:0, instance:tc_repository.ORG_03@4a883b15]" started-at="2024-07-30T13:37:53 IST" name="ORG03" finished-at="2024-07-30T13:38:07 IST" duration-ms="13247" status="PASS">
          <reporter-output>
          </reporter-output>
        </test-method> <!-- ORG03 -->
        <test-method is-config="true" signature="LogoutOperation()[pri:0, instance:tc_repository.ORG_03@4a883b15]" started-at="2024-07-30T13:38:07 IST" name="LogoutOperation" finished-at="2024-07-30T13:38:16 IST" duration-ms="9600" status="PASS">
          <reporter-output>
          </reporter-output>
        </test-method> <!-- LogoutOperation -->
        <test-method is-config="true" signature="CloseBrowser()[pri:0, instance:tc_repository.ORG_03@4a883b15]" started-at="2024-07-30T13:38:16 IST" name="CloseBrowser" finished-at="2024-07-30T13:38:16 IST" duration-ms="227" status="PASS">
          <reporter-output>
          </reporter-output>
        </test-method> <!-- CloseBrowser -->
      </class> <!-- tc_repository.ORG_03 -->
      <class name="tc_repository.ORG_01">
        <test-method is-config="true" signature="CreateDbConnection()[pri:0, instance:tc_repository.ORG_01@2e3967ea]" started-at="2024-07-30T13:36:24 IST" name="CreateDbConnection" finished-at="2024-07-30T13:36:24 IST" duration-ms="12" status="PASS">
          <reporter-output>
          </reporter-output>
        </test-method> <!-- CreateDbConnection -->
        <test-method is-config="true" signature="LaunchBrowser()[pri:0, instance:tc_repository.ORG_01@2e3967ea]" started-at="2024-07-30T13:36:24 IST" name="LaunchBrowser" finished-at="2024-07-30T13:36:29 IST" duration-ms="4927" status="PASS">
          <reporter-output>
          </reporter-output>
        </test-method> <!-- LaunchBrowser -->
        <test-method is-config="true" signature="LoginOperation()[pri:0, instance:tc_repository.ORG_01@2e3967ea]" started-at="2024-07-30T13:36:29 IST" name="LoginOperation" finished-at="2024-07-30T13:36:38 IST" duration-ms="9458" status="PASS">
          <reporter-output>
          </reporter-output>
        </test-method> <!-- LoginOperation -->
        <test-method signature="ORG01()[pri:0, instance:tc_repository.ORG_01@2e3967ea]" started-at="2024-07-30T13:36:38 IST" name="ORG01" finished-at="2024-07-30T13:37:05 IST" duration-ms="26319" status="PASS">
          <reporter-output>
          </reporter-output>
        </test-method> <!-- ORG01 -->
        <test-method is-config="true" signature="LogoutOperation()[pri:0, instance:tc_repository.ORG_01@2e3967ea]" started-at="2024-07-30T13:37:05 IST" name="LogoutOperation" finished-at="2024-07-30T13:37:17 IST" duration-ms="12149" status="FAIL">
          <exception class="org.openqa.selenium.StaleElementReferenceException">
            <message>
              <![CDATA[stale element reference: stale element not found
  (Session info: chrome=127.0.6533.72)
For documentation on this error, please visit: https://www.selenium.dev/documentation/webdriver/troubleshooting/errors#stale-element-reference-exception
Build info: version: '4.16.1', revision: '9b4c83354e'
System info: os.name: 'Windows 11', os.arch: 'amd64', os.version: '10.0', java.version: '17.0.11'
Driver info: org.openqa.selenium.chrome.ChromeDriver
Command: [38ffe66f850f21307b9fdc4932dc05db, clickElement {id=f.8E174AB158CE932F0F67E46DEAED3EF0.d.D682F590938CAD7140464BF5DAC34F1B.e.470}]
Capabilities {acceptInsecureCerts: false, browserName: chrome, browserVersion: 127.0.6533.72, chrome: {chromedriverVersion: 127.0.6533.72 (9755e24ca85a..., userDataDir: C:\Users\LENOVO\AppData\Loc...}, fedcm:accounts: true, goog:chromeOptions: {debuggerAddress: localhost:64957}, networkConnectionEnabled: false, pageLoadStrategy: normal, platformName: windows, proxy: Proxy(), se:cdp: ws://localhost:64957/devtoo..., se:cdpVersion: 127.0.6533.72, setWindowRect: true, strictFileInteractability: false, timeouts: {implicit: 0, pageLoad: 300000, script: 30000}, unhandledPromptBehavior: dismiss and notify, webauthn:extension:credBlob: true, webauthn:extension:largeBlob: true, webauthn:extension:minPinLength: true, webauthn:extension:prf: true, webauthn:virtualAuthenticators: true}
Element: [[ChromeDriver: chrome on windows (38ffe66f850f21307b9fdc4932dc05db)] -> xpath: //a[text()='Sign Out']]
Session ID: 38ffe66f850f21307b9fdc4932dc05db]]>
            </message>
            <full-stacktrace>
              <![CDATA[org.openqa.selenium.StaleElementReferenceException: stale element reference: stale element not found
  (Session info: chrome=127.0.6533.72)
For documentation on this error, please visit: https://www.selenium.dev/documentation/webdriver/troubleshooting/errors#stale-element-reference-exception
Build info: version: '4.16.1', revision: '9b4c83354e'
System info: os.name: 'Windows 11', os.arch: 'amd64', os.version: '10.0', java.version: '17.0.11'
Driver info: org.openqa.selenium.chrome.ChromeDriver
Command: [38ffe66f850f21307b9fdc4932dc05db, clickElement {id=f.8E174AB158CE932F0F67E46DEAED3EF0.d.D682F590938CAD7140464BF5DAC34F1B.e.470}]
Capabilities {acceptInsecureCerts: false, browserName: chrome, browserVersion: 127.0.6533.72, chrome: {chromedriverVersion: 127.0.6533.72 (9755e24ca85a..., userDataDir: C:\Users\LENOVO\AppData\Loc...}, fedcm:accounts: true, goog:chromeOptions: {debuggerAddress: localhost:64957}, networkConnectionEnabled: false, pageLoadStrategy: normal, platformName: windows, proxy: Proxy(), se:cdp: ws://localhost:64957/devtoo..., se:cdpVersion: 127.0.6533.72, setWindowRect: true, strictFileInteractability: false, timeouts: {implicit: 0, pageLoad: 300000, script: 30000}, unhandledPromptBehavior: dismiss and notify, webauthn:extension:credBlob: true, webauthn:extension:largeBlob: true, webauthn:extension:minPinLength: true, webauthn:extension:prf: true, webauthn:virtualAuthenticators: true}
Element: [[ChromeDriver: chrome on windows (38ffe66f850f21307b9fdc4932dc05db)] -> xpath: //a[text()='Sign Out']]
Session ID: 38ffe66f850f21307b9fdc4932dc05db
at java.base/jdk.internal.reflect.NativeConstructorAccessorImpl.newInstance0(Native Method)
at java.base/jdk.internal.reflect.NativeConstructorAccessorImpl.newInstance(NativeConstructorAccessorImpl.java:77)
at java.base/jdk.internal.reflect.DelegatingConstructorAccessorImpl.newInstance(DelegatingConstructorAccessorImpl.java:45)
at java.base/java.lang.reflect.Constructor.newInstanceWithCaller(Constructor.java:499)
at java.base/java.lang.reflect.Constructor.newInstance(Constructor.java:480)
at org.openqa.selenium.remote.codec.w3c.W3CHttpResponseCodec.createException(W3CHttpResponseCodec.java:200)
at org.openqa.selenium.remote.codec.w3c.W3CHttpResponseCodec.decode(W3CHttpResponseCodec.java:133)
at org.openqa.selenium.remote.codec.w3c.W3CHttpResponseCodec.decode(W3CHttpResponseCodec.java:52)
at org.openqa.selenium.remote.HttpCommandExecutor.execute(HttpCommandExecutor.java:191)
at org.openqa.selenium.remote.service.DriverCommandExecutor.invokeExecute(DriverCommandExecutor.java:200)
at org.openqa.selenium.remote.service.DriverCommandExecutor.execute(DriverCommandExecutor.java:175)
at org.openqa.selenium.remote.RemoteWebDriver.execute(RemoteWebDriver.java:523)
at org.openqa.selenium.remote.RemoteWebElement.execute(RemoteWebElement.java:224)
at org.openqa.selenium.remote.RemoteWebElement.click(RemoteWebElement.java:77)
at java.base/jdk.internal.reflect.NativeMethodAccessorImpl.invoke0(Native Method)
at java.base/jdk.internal.reflect.NativeMethodAccessorImpl.invoke(NativeMethodAccessorImpl.java:77)
at java.base/jdk.internal.reflect.DelegatingMethodAccessorImpl.invoke(DelegatingMethodAccessorImpl.java:43)
at java.base/java.lang.reflect.Method.invoke(Method.java:568)
at org.openqa.selenium.support.pagefactory.internal.LocatingElementHandler.invoke(LocatingElementHandler.java:51)
at jdk.proxy2/jdk.proxy2.$Proxy17.click(Unknown Source)
at objectRpository.HomePage.logoutoperation(HomePage.java:90)
at genericliborutility.BaseClass.LogoutOperation(BaseClass.java:64)
at java.base/jdk.internal.reflect.NativeMethodAccessorImpl.invoke0(Native Method)
at java.base/jdk.internal.reflect.NativeMethodAccessorImpl.invoke(NativeMethodAccessorImpl.java:77)
at java.base/jdk.internal.reflect.DelegatingMethodAccessorImpl.invoke(DelegatingMethodAccessorImpl.java:43)
at java.base/java.lang.reflect.Method.invoke(Method.java:568)
at org.testng.internal.MethodInvocationHelper.invokeMethod(MethodInvocationHelper.java:133)
at org.testng.internal.MethodInvocationHelper.invokeMethodConsideringTimeout(MethodInvocationHelper.java:62)
at org.testng.internal.ConfigInvoker.invokeConfigurationMethod(ConfigInvoker.java:385)
at org.testng.internal.ConfigInvoker.invokeConfigurations(ConfigInvoker.java:321)
at org.testng.internal.TestInvoker.runConfigMethods(TestInvoker.java:700)
at org.testng.internal.TestInvoker.runAfterGroupsConfigurations(TestInvoker.java:676)
at org.testng.internal.TestInvoker.invokeMethod(TestInvoker.java:660)
at org.testng.internal.TestInvoker.invokeTestMethod(TestInvoker.java:173)
at org.testng.internal.MethodRunner.runInSequence(MethodRunner.java:46)
at org.testng.internal.TestInvoker$MethodInvocationAgent.invoke(TestInvoker.java:824)
at org.testng.internal.TestInvoker.invokeTestMethods(TestInvoker.java:146)
at org.testng.internal.TestMethodWorker.invokeTestMethods(TestMethodWorker.java:146)
at org.testng.internal.TestMethodWorker.run(TestMethodWorker.java:128)
at java.base/java.util.ArrayList.forEach(ArrayList.java:1511)
at org.testng.TestRunner.privateRun(TestRunner.java:794)
at org.testng.TestRunner.run(TestRunner.java:596)
at org.testng.SuiteRunner.runTest(SuiteRunner.java:377)
at org.testng.SuiteRunner.runSequentially(SuiteRunner.java:371)
at org.testng.SuiteRunner.privateRun(SuiteRunner.java:332)
at org.testng.SuiteRunner.run(SuiteRunner.java:276)
at org.testng.SuiteRunnerWorker.runSuite(SuiteRunnerWorker.java:53)
at org.testng.SuiteRunnerWorker.run(SuiteRunnerWorker.java:96)
at org.testng.TestNG.runSuitesSequentially(TestNG.java:1212)
at org.testng.TestNG.runSuitesLocally(TestNG.java:1134)
at org.testng.TestNG.runSuites(TestNG.java:1063)
at org.testng.TestNG.run(TestNG.java:1031)
at org.testng.remote.AbstractRemoteTestNG.run(AbstractRemoteTestNG.java:115)
at org.testng.remote.RemoteTestNG.initAndRun(RemoteTestNG.java:293)
at org.testng.remote.RemoteTestNG.main(RemoteTestNG.java:91)
]]>
            </full-stacktrace>
          </exception> <!-- org.openqa.selenium.StaleElementReferenceException -->
          <reporter-output>
          </reporter-output>
        </test-method> <!-- LogoutOperation -->
        <test-method is-config="true" signature="CloseBrowser()[pri:0, instance:tc_repository.ORG_01@2e3967ea]" started-at="2024-07-30T13:37:17 IST" name="CloseBrowser" finished-at="2024-07-30T13:37:17 IST" duration-ms="116" status="PASS">
          <reporter-output>
          </reporter-output>
        </test-method> <!-- CloseBrowser -->
        <test-method is-config="true" signature="CloseDbConnection()[pri:0, instance:tc_repository.ORG_01@2e3967ea]" started-at="2024-07-30T13:39:15 IST" name="CloseDbConnection" finished-at="2024-07-30T13:39:15 IST" duration-ms="0" status="PASS">
          <reporter-output>
          </reporter-output>
        </test-method> <!-- CloseDbConnection -->
      </class> <!-- tc_repository.ORG_01 -->
      <class name="tc_repository.ORG_02">
        <test-method is-config="true" signature="LaunchBrowser()[pri:0, instance:tc_repository.ORG_02@3012646b]" started-at="2024-07-30T13:37:17 IST" name="LaunchBrowser" finished-at="2024-07-30T13:37:20 IST" duration-ms="2864" status="PASS">
          <reporter-output>
          </reporter-output>
        </test-method> <!-- LaunchBrowser -->
        <test-method is-config="true" signature="LoginOperation()[pri:0, instance:tc_repository.ORG_02@3012646b]" started-at="2024-07-30T13:37:20 IST" name="LoginOperation" finished-at="2024-07-30T13:37:24 IST" duration-ms="3550" status="PASS">
          <reporter-output>
          </reporter-output>
        </test-method> <!-- LoginOperation -->
        <test-method signature="ORG02()[pri:0, instance:tc_repository.ORG_02@3012646b]" started-at="2024-07-30T13:37:24 IST" name="ORG02" finished-at="2024-07-30T13:37:36 IST" duration-ms="12634" status="PASS">
          <reporter-output>
          </reporter-output>
        </test-method> <!-- ORG02 -->
        <test-method is-config="true" signature="LogoutOperation()[pri:0, instance:tc_repository.ORG_02@3012646b]" started-at="2024-07-30T13:37:36 IST" name="LogoutOperation" finished-at="2024-07-30T13:37:47 IST" duration-ms="10443" status="PASS">
          <reporter-output>
          </reporter-output>
        </test-method> <!-- LogoutOperation -->
        <test-method is-config="true" signature="CloseBrowser()[pri:0, instance:tc_repository.ORG_02@3012646b]" started-at="2024-07-30T13:37:47 IST" name="CloseBrowser" finished-at="2024-07-30T13:37:47 IST" duration-ms="218" status="PASS">
          <reporter-output>
          </reporter-output>
        </test-method> <!-- CloseBrowser -->
      </class> <!-- tc_repository.ORG_02 -->
      <class name="tc_repository.LE_01">
        <test-method is-config="true" signature="LaunchBrowser()[pri:0, instance:tc_repository.LE_01@537f60bf]" started-at="2024-07-30T13:38:16 IST" name="LaunchBrowser" finished-at="2024-07-30T13:38:19 IST" duration-ms="2809" status="PASS">
          <reporter-output>
          </reporter-output>
        </test-method> <!-- LaunchBrowser -->
        <test-method is-config="true" signature="LoginOperation()[pri:0, instance:tc_repository.LE_01@537f60bf]" started-at="2024-07-30T13:38:19 IST" name="LoginOperation" finished-at="2024-07-30T13:38:23 IST" duration-ms="4050" status="PASS">
          <reporter-output>
          </reporter-output>
        </test-method> <!-- LoginOperation -->
        <test-method signature="le01Tc()[pri:0, instance:tc_repository.LE_01@537f60bf]" started-at="2024-07-30T13:38:23 IST" name="le01Tc" finished-at="2024-07-30T13:38:38 IST" duration-ms="14291" status="PASS">
          <reporter-output>
          </reporter-output>
        </test-method> <!-- le01Tc -->
        <test-method is-config="true" signature="LogoutOperation()[pri:0, instance:tc_repository.LE_01@537f60bf]" started-at="2024-07-30T13:38:38 IST" name="LogoutOperation" finished-at="2024-07-30T13:38:46 IST" duration-ms="8024" status="PASS">
          <reporter-output>
          </reporter-output>
        </test-method> <!-- LogoutOperation -->
        <test-method is-config="true" signature="CloseBrowser()[pri:0, instance:tc_repository.LE_01@537f60bf]" started-at="2024-07-30T13:38:46 IST" name="CloseBrowser" finished-at="2024-07-30T13:38:46 IST" duration-ms="155" status="PASS">
          <reporter-output>
          </reporter-output>
        </test-method> <!-- CloseBrowser -->
      </class> <!-- tc_repository.LE_01 -->
      <class name="tc_repository.LE_04">
        <test-method is-config="true" signature="LaunchBrowser()[pri:0, instance:tc_repository.LE_04@2794eab6]" started-at="2024-07-30T13:38:46 IST" name="LaunchBrowser" finished-at="2024-07-30T13:38:49 IST" duration-ms="2833" status="PASS">
          <reporter-output>
          </reporter-output>
        </test-method> <!-- LaunchBrowser -->
        <test-method is-config="true" signature="LoginOperation()[pri:0, instance:tc_repository.LE_04@2794eab6]" started-at="2024-07-30T13:38:49 IST" name="LoginOperation" finished-at="2024-07-30T13:38:52 IST" duration-ms="3350" status="PASS">
          <reporter-output>
          </reporter-output>
        </test-method> <!-- LoginOperation -->
        <test-method signature="le04Tc()[pri:0, instance:tc_repository.LE_04@2794eab6]" started-at="2024-07-30T13:38:52 IST" name="le04Tc" finished-at="2024-07-30T13:39:07 IST" duration-ms="14892" status="PASS">
          <reporter-output>
          </reporter-output>
        </test-method> <!-- le04Tc -->
        <test-method is-config="true" signature="LogoutOperation()[pri:0, instance:tc_repository.LE_04@2794eab6]" started-at="2024-07-30T13:39:07 IST" name="LogoutOperation" finished-at="2024-07-30T13:39:15 IST" duration-ms="7906" status="PASS">
          <reporter-output>
          </reporter-output>
        </test-method> <!-- LogoutOperation -->
        <test-method is-config="true" signature="CloseBrowser()[pri:0, instance:tc_repository.LE_04@2794eab6]" started-at="2024-07-30T13:39:15 IST" name="CloseBrowser" finished-at="2024-07-30T13:39:15 IST" duration-ms="325" status="PASS">
          <reporter-output>
          </reporter-output>
        </test-method> <!-- CloseBrowser -->
      </class> <!-- tc_repository.LE_04 -->
    </test> <!-- Test -->
  </suite> <!-- Suite -->
</testng-results>
